INFO 2016-08-01 19:46:58,678 signals: Student updated: AAAUU AAA (ID: 10)
INFO 2016-08-02 07:37:19,453 signals: Student deleted: Джон Трівольта (ID: 12)
ERROR 2016-08-02 07:45:31,084 contact_admin: Під час відправки листа виникла непередбачувана помилка. Спробуйте скористатись даною формою пізніше.
Traceback (most recent call last):
  File "/media/vitaliy/E6F49B8CF49B5E1D/Programming/home/vitaliy/djcode/src/studentsdb/students/views/contact_admin.py", line 65, in contact_admin
    send_mail(subject, message, from_email, [ADMIN_EMAIL])
  File "/usr/local/lib/python2.7/dist-packages/Django-1.9.6-py2.7.egg/django/core/mail/__init__.py", line 61, in send_mail
    return mail.send()
  File "/usr/local/lib/python2.7/dist-packages/Django-1.9.6-py2.7.egg/django/core/mail/message.py", line 292, in send
    return self.get_connection(fail_silently).send_messages([self])
  File "/usr/local/lib/python2.7/dist-packages/Django-1.9.6-py2.7.egg/django/core/mail/backends/smtp.py", line 107, in send_messages
    sent = self._send(message)
  File "/usr/local/lib/python2.7/dist-packages/Django-1.9.6-py2.7.egg/django/core/mail/backends/smtp.py", line 123, in _send
    self.connection.sendmail(from_email, recipients, message.as_bytes(linesep='\r\n'))
  File "/usr/lib/python2.7/smtplib.py", line 731, in sendmail
    raise SMTPSenderRefused(code, resp, from_addr)
SMTPSenderRefused: (530, '5.5.1 Authentication Required. Learn more at\n5.5.1  https://support.google.com/mail/answer/14257 q73sm236584lfg.17 - gsmtp', u'vevo5282@mail.ru')
ERROR 2016-08-02 07:51:41,928 contact_admin: Під час відправки листа виникла непередбачувана помилка. Спробуйте скористатись даною формою пізніше.
Traceback (most recent call last):
  File "/media/vitaliy/E6F49B8CF49B5E1D/Programming/home/vitaliy/djcode/src/studentsdb/students/views/contact_admin.py", line 65, in contact_admin
    send_mail(subject, message, from_email, [ADMIN_EMAIL])
  File "/usr/local/lib/python2.7/dist-packages/Django-1.9.6-py2.7.egg/django/core/mail/__init__.py", line 61, in send_mail
    return mail.send()
  File "/usr/local/lib/python2.7/dist-packages/Django-1.9.6-py2.7.egg/django/core/mail/message.py", line 292, in send
    return self.get_connection(fail_silently).send_messages([self])
  File "/usr/local/lib/python2.7/dist-packages/Django-1.9.6-py2.7.egg/django/core/mail/backends/smtp.py", line 100, in send_messages
    new_conn_created = self.open()
  File "/usr/local/lib/python2.7/dist-packages/Django-1.9.6-py2.7.egg/django/core/mail/backends/smtp.py", line 67, in open
    self.connection.login(self.username, self.password)
  File "/usr/lib/python2.7/smtplib.py", line 622, in login
    raise SMTPAuthenticationError(code, resp)
SMTPAuthenticationError: (535, '5.7.8 Username and Password not accepted. Learn more at\n5.7.8  https://support.google.com/mail/answer/14257 p128sm240033lfb.32 - gsmtp')
ERROR 2016-08-02 07:52:05,395 contact_admin: Під час відправки листа виникла непередбачувана помилка. Спробуйте скористатись даною формою пізніше.
Traceback (most recent call last):
  File "/media/vitaliy/E6F49B8CF49B5E1D/Programming/home/vitaliy/djcode/src/studentsdb/students/views/contact_admin.py", line 65, in contact_admin
    send_mail(subject, message, from_email, [ADMIN_EMAIL])
  File "/usr/local/lib/python2.7/dist-packages/Django-1.9.6-py2.7.egg/django/core/mail/__init__.py", line 61, in send_mail
    return mail.send()
  File "/usr/local/lib/python2.7/dist-packages/Django-1.9.6-py2.7.egg/django/core/mail/message.py", line 292, in send
    return self.get_connection(fail_silently).send_messages([self])
  File "/usr/local/lib/python2.7/dist-packages/Django-1.9.6-py2.7.egg/django/core/mail/backends/smtp.py", line 107, in send_messages
    sent = self._send(message)
  File "/usr/local/lib/python2.7/dist-packages/Django-1.9.6-py2.7.egg/django/core/mail/backends/smtp.py", line 123, in _send
    self.connection.sendmail(from_email, recipients, message.as_bytes(linesep='\r\n'))
  File "/usr/lib/python2.7/smtplib.py", line 731, in sendmail
    raise SMTPSenderRefused(code, resp, from_addr)
SMTPSenderRefused: (530, '5.5.1 Authentication Required. Learn more at\n5.5.1  https://support.google.com/mail/answer/14257 90sm243915lfw.30 - gsmtp', u'vevo5282@mail.ru')
ERROR 2016-08-02 07:53:28,907 contact_admin: Під час відправки листа виникла непередбачувана помилка. Спробуйте скористатись даною формою пізніше.
Traceback (most recent call last):
  File "/media/vitaliy/E6F49B8CF49B5E1D/Programming/home/vitaliy/djcode/src/studentsdb/students/views/contact_admin.py", line 65, in contact_admin
    send_mail(subject, message, from_email, [ADMIN_EMAIL])
  File "/usr/local/lib/python2.7/dist-packages/Django-1.9.6-py2.7.egg/django/core/mail/__init__.py", line 61, in send_mail
    return mail.send()
  File "/usr/local/lib/python2.7/dist-packages/Django-1.9.6-py2.7.egg/django/core/mail/message.py", line 292, in send
    return self.get_connection(fail_silently).send_messages([self])
  File "/usr/local/lib/python2.7/dist-packages/Django-1.9.6-py2.7.egg/django/core/mail/backends/smtp.py", line 100, in send_messages
    new_conn_created = self.open()
  File "/usr/local/lib/python2.7/dist-packages/Django-1.9.6-py2.7.egg/django/core/mail/backends/smtp.py", line 67, in open
    self.connection.login(self.username, self.password)
  File "/usr/lib/python2.7/smtplib.py", line 622, in login
    raise SMTPAuthenticationError(code, resp)
SMTPAuthenticationError: (535, '5.7.8 Username and Password not accepted. Learn more at\n5.7.8  https://support.google.com/mail/answer/14257 90sm249025lfs.7 - gsmtp')
ERROR 2016-08-02 07:53:47,111 contact_admin: Під час відправки листа виникла непередбачувана помилка. Спробуйте скористатись даною формою пізніше.
Traceback (most recent call last):
  File "/media/vitaliy/E6F49B8CF49B5E1D/Programming/home/vitaliy/djcode/src/studentsdb/students/views/contact_admin.py", line 65, in contact_admin
    send_mail(subject, message, from_email, [ADMIN_EMAIL])
  File "/usr/local/lib/python2.7/dist-packages/Django-1.9.6-py2.7.egg/django/core/mail/__init__.py", line 61, in send_mail
    return mail.send()
  File "/usr/local/lib/python2.7/dist-packages/Django-1.9.6-py2.7.egg/django/core/mail/message.py", line 292, in send
    return self.get_connection(fail_silently).send_messages([self])
  File "/usr/local/lib/python2.7/dist-packages/Django-1.9.6-py2.7.egg/django/core/mail/backends/smtp.py", line 100, in send_messages
    new_conn_created = self.open()
  File "/usr/local/lib/python2.7/dist-packages/Django-1.9.6-py2.7.egg/django/core/mail/backends/smtp.py", line 67, in open
    self.connection.login(self.username, self.password)
  File "/usr/lib/python2.7/smtplib.py", line 622, in login
    raise SMTPAuthenticationError(code, resp)
SMTPAuthenticationError: (535, '5.7.8 Username and Password not accepted. Learn more at\n5.7.8  https://support.google.com/mail/answer/14257 y200sm247564lfd.12 - gsmtp')
ERROR 2016-08-02 07:54:05,669 contact_admin: Під час відправки листа виникла непередбачувана помилка. Спробуйте скористатись даною формою пізніше.
Traceback (most recent call last):
  File "/media/vitaliy/E6F49B8CF49B5E1D/Programming/home/vitaliy/djcode/src/studentsdb/students/views/contact_admin.py", line 65, in contact_admin
    send_mail(subject, message, from_email, [ADMIN_EMAIL])
  File "/usr/local/lib/python2.7/dist-packages/Django-1.9.6-py2.7.egg/django/core/mail/__init__.py", line 61, in send_mail
    return mail.send()
  File "/usr/local/lib/python2.7/dist-packages/Django-1.9.6-py2.7.egg/django/core/mail/message.py", line 292, in send
    return self.get_connection(fail_silently).send_messages([self])
  File "/usr/local/lib/python2.7/dist-packages/Django-1.9.6-py2.7.egg/django/core/mail/backends/smtp.py", line 100, in send_messages
    new_conn_created = self.open()
  File "/usr/local/lib/python2.7/dist-packages/Django-1.9.6-py2.7.egg/django/core/mail/backends/smtp.py", line 67, in open
    self.connection.login(self.username, self.password)
  File "/usr/lib/python2.7/smtplib.py", line 622, in login
    raise SMTPAuthenticationError(code, resp)
SMTPAuthenticationError: (535, '5.7.8 Username and Password not accepted. Learn more at\n5.7.8  https://support.google.com/mail/answer/14257 m17sm250325lfg.1 - gsmtp')
ERROR 2016-08-02 07:54:14,471 contact_admin: Під час відправки листа виникла непередбачувана помилка. Спробуйте скористатись даною формою пізніше.
Traceback (most recent call last):
  File "/media/vitaliy/E6F49B8CF49B5E1D/Programming/home/vitaliy/djcode/src/studentsdb/students/views/contact_admin.py", line 65, in contact_admin
    send_mail(subject, message, from_email, [ADMIN_EMAIL])
  File "/usr/local/lib/python2.7/dist-packages/Django-1.9.6-py2.7.egg/django/core/mail/__init__.py", line 61, in send_mail
    return mail.send()
  File "/usr/local/lib/python2.7/dist-packages/Django-1.9.6-py2.7.egg/django/core/mail/message.py", line 292, in send
    return self.get_connection(fail_silently).send_messages([self])
  File "/usr/local/lib/python2.7/dist-packages/Django-1.9.6-py2.7.egg/django/core/mail/backends/smtp.py", line 100, in send_messages
    new_conn_created = self.open()
  File "/usr/local/lib/python2.7/dist-packages/Django-1.9.6-py2.7.egg/django/core/mail/backends/smtp.py", line 67, in open
    self.connection.login(self.username, self.password)
  File "/usr/lib/python2.7/smtplib.py", line 622, in login
    raise SMTPAuthenticationError(code, resp)
SMTPAuthenticationError: (535, '5.7.8 Username and Password not accepted. Learn more at\n5.7.8  https://support.google.com/mail/answer/14257 g69sm239263lji.44 - gsmtp')
ERROR 2016-08-02 07:54:24,076 contact_admin: Під час відправки листа виникла непередбачувана помилка. Спробуйте скористатись даною формою пізніше.
Traceback (most recent call last):
  File "/media/vitaliy/E6F49B8CF49B5E1D/Programming/home/vitaliy/djcode/src/studentsdb/students/views/contact_admin.py", line 65, in contact_admin
    send_mail(subject, message, from_email, [ADMIN_EMAIL])
  File "/usr/local/lib/python2.7/dist-packages/Django-1.9.6-py2.7.egg/django/core/mail/__init__.py", line 61, in send_mail
    return mail.send()
  File "/usr/local/lib/python2.7/dist-packages/Django-1.9.6-py2.7.egg/django/core/mail/message.py", line 292, in send
    return self.get_connection(fail_silently).send_messages([self])
  File "/usr/local/lib/python2.7/dist-packages/Django-1.9.6-py2.7.egg/django/core/mail/backends/smtp.py", line 100, in send_messages
    new_conn_created = self.open()
  File "/usr/local/lib/python2.7/dist-packages/Django-1.9.6-py2.7.egg/django/core/mail/backends/smtp.py", line 67, in open
    self.connection.login(self.username, self.password)
  File "/usr/lib/python2.7/smtplib.py", line 622, in login
    raise SMTPAuthenticationError(code, resp)
SMTPAuthenticationError: (534, '5.7.14 <https://accounts.google.com/signin/continue?sarp=1&scc=1&plt=AKgnsbtn\n5.7.14 SfuZX0DpBemuHVAoeFeacg3OxRTMSYXcYlABj-EOUT9bXnBK5vNp6Pu_dvRk67adtcumsq\n5.7.14 3WgbkdunBEUPXf8v5w8hbo_R-JeOHUoPJpfpj_O34zhwdGyEkDnAlmxd0Q2_e3S_nhc0NI\n5.7.14 U0TG2436GNuigQNnpzTe2hfUtOVkL68YWdZ2L6-amQUtBGh3IOcuWXEKdfynz__YgnyjoU\n5.7.14 gJoLEuyFyJpTC77FPcxchDmsdwZ7k> Please log in via your web browser and\n5.7.14 then try again.\n5.7.14  Learn more at\n5.7.14  https://support.google.com/mail/answer/78754 m62sm238523lfe.44 - gsmtp')
ERROR 2016-08-02 07:54:41,824 contact_admin: Під час відправки листа виникла непередбачувана помилка. Спробуйте скористатись даною формою пізніше.
Traceback (most recent call last):
  File "/media/vitaliy/E6F49B8CF49B5E1D/Programming/home/vitaliy/djcode/src/studentsdb/students/views/contact_admin.py", line 65, in contact_admin
    send_mail(subject, message, from_email, [ADMIN_EMAIL])
  File "/usr/local/lib/python2.7/dist-packages/Django-1.9.6-py2.7.egg/django/core/mail/__init__.py", line 61, in send_mail
    return mail.send()
  File "/usr/local/lib/python2.7/dist-packages/Django-1.9.6-py2.7.egg/django/core/mail/message.py", line 292, in send
    return self.get_connection(fail_silently).send_messages([self])
  File "/usr/local/lib/python2.7/dist-packages/Django-1.9.6-py2.7.egg/django/core/mail/backends/smtp.py", line 100, in send_messages
    new_conn_created = self.open()
  File "/usr/local/lib/python2.7/dist-packages/Django-1.9.6-py2.7.egg/django/core/mail/backends/smtp.py", line 67, in open
    self.connection.login(self.username, self.password)
  File "/usr/lib/python2.7/smtplib.py", line 622, in login
    raise SMTPAuthenticationError(code, resp)
SMTPAuthenticationError: (535, '5.7.8 Username and Password not accepted. Learn more at\n5.7.8  https://support.google.com/mail/answer/14257 l129sm235295lfl.37 - gsmtp')
ERROR 2016-08-02 07:55:57,982 contact_admin: Під час відправки листа виникла непередбачувана помилка. Спробуйте скористатись даною формою пізніше.
Traceback (most recent call last):
  File "/media/vitaliy/E6F49B8CF49B5E1D/Programming/home/vitaliy/djcode/src/studentsdb/students/views/contact_admin.py", line 65, in contact_admin
    send_mail(subject, message, from_email, [ADMIN_EMAIL])
  File "/usr/local/lib/python2.7/dist-packages/Django-1.9.6-py2.7.egg/django/core/mail/__init__.py", line 61, in send_mail
    return mail.send()
  File "/usr/local/lib/python2.7/dist-packages/Django-1.9.6-py2.7.egg/django/core/mail/message.py", line 292, in send
    return self.get_connection(fail_silently).send_messages([self])
  File "/usr/local/lib/python2.7/dist-packages/Django-1.9.6-py2.7.egg/django/core/mail/backends/smtp.py", line 100, in send_messages
    new_conn_created = self.open()
  File "/usr/local/lib/python2.7/dist-packages/Django-1.9.6-py2.7.egg/django/core/mail/backends/smtp.py", line 67, in open
    self.connection.login(self.username, self.password)
  File "/usr/lib/python2.7/smtplib.py", line 622, in login
    raise SMTPAuthenticationError(code, resp)
SMTPAuthenticationError: (535, '5.7.8 Username and Password not accepted. Learn more at\n5.7.8  https://support.google.com/mail/answer/14257 u21sm243677lja.18 - gsmtp')
ERROR 2016-08-02 07:56:04,639 contact_admin: Під час відправки листа виникла непередбачувана помилка. Спробуйте скористатись даною формою пізніше.
Traceback (most recent call last):
  File "/media/vitaliy/E6F49B8CF49B5E1D/Programming/home/vitaliy/djcode/src/studentsdb/students/views/contact_admin.py", line 65, in contact_admin
    send_mail(subject, message, from_email, [ADMIN_EMAIL])
  File "/usr/local/lib/python2.7/dist-packages/Django-1.9.6-py2.7.egg/django/core/mail/__init__.py", line 61, in send_mail
    return mail.send()
  File "/usr/local/lib/python2.7/dist-packages/Django-1.9.6-py2.7.egg/django/core/mail/message.py", line 292, in send
    return self.get_connection(fail_silently).send_messages([self])
  File "/usr/local/lib/python2.7/dist-packages/Django-1.9.6-py2.7.egg/django/core/mail/backends/smtp.py", line 100, in send_messages
    new_conn_created = self.open()
  File "/usr/local/lib/python2.7/dist-packages/Django-1.9.6-py2.7.egg/django/core/mail/backends/smtp.py", line 67, in open
    self.connection.login(self.username, self.password)
  File "/usr/lib/python2.7/smtplib.py", line 622, in login
    raise SMTPAuthenticationError(code, resp)
SMTPAuthenticationError: (535, '5.7.8 Username and Password not accepted. Learn more at\n5.7.8  https://support.google.com/mail/answer/14257 e22sm251923lji.1 - gsmtp')
ERROR 2016-08-02 07:56:17,514 contact_admin: Під час відправки листа виникла непередбачувана помилка. Спробуйте скористатись даною формою пізніше.
Traceback (most recent call last):
  File "/media/vitaliy/E6F49B8CF49B5E1D/Programming/home/vitaliy/djcode/src/studentsdb/students/views/contact_admin.py", line 65, in contact_admin
    send_mail(subject, message, from_email, [ADMIN_EMAIL])
  File "/usr/local/lib/python2.7/dist-packages/Django-1.9.6-py2.7.egg/django/core/mail/__init__.py", line 61, in send_mail
    return mail.send()
  File "/usr/local/lib/python2.7/dist-packages/Django-1.9.6-py2.7.egg/django/core/mail/message.py", line 292, in send
    return self.get_connection(fail_silently).send_messages([self])
  File "/usr/local/lib/python2.7/dist-packages/Django-1.9.6-py2.7.egg/django/core/mail/backends/smtp.py", line 100, in send_messages
    new_conn_created = self.open()
  File "/usr/local/lib/python2.7/dist-packages/Django-1.9.6-py2.7.egg/django/core/mail/backends/smtp.py", line 67, in open
    self.connection.login(self.username, self.password)
  File "/usr/lib/python2.7/smtplib.py", line 622, in login
    raise SMTPAuthenticationError(code, resp)
SMTPAuthenticationError: (535, '5.7.8 Username and Password not accepted. Learn more at\n5.7.8  https://support.google.com/mail/answer/14257 h13sm244143lji.33 - gsmtp')
ERROR 2016-08-02 07:56:23,295 contact_admin: Під час відправки листа виникла непередбачувана помилка. Спробуйте скористатись даною формою пізніше.
Traceback (most recent call last):
  File "/media/vitaliy/E6F49B8CF49B5E1D/Programming/home/vitaliy/djcode/src/studentsdb/students/views/contact_admin.py", line 65, in contact_admin
    send_mail(subject, message, from_email, [ADMIN_EMAIL])
  File "/usr/local/lib/python2.7/dist-packages/Django-1.9.6-py2.7.egg/django/core/mail/__init__.py", line 61, in send_mail
    return mail.send()
  File "/usr/local/lib/python2.7/dist-packages/Django-1.9.6-py2.7.egg/django/core/mail/message.py", line 292, in send
    return self.get_connection(fail_silently).send_messages([self])
  File "/usr/local/lib/python2.7/dist-packages/Django-1.9.6-py2.7.egg/django/core/mail/backends/smtp.py", line 100, in send_messages
    new_conn_created = self.open()
  File "/usr/local/lib/python2.7/dist-packages/Django-1.9.6-py2.7.egg/django/core/mail/backends/smtp.py", line 67, in open
    self.connection.login(self.username, self.password)
  File "/usr/lib/python2.7/smtplib.py", line 622, in login
    raise SMTPAuthenticationError(code, resp)
SMTPAuthenticationError: (535, '5.7.8 Username and Password not accepted. Learn more at\n5.7.8  https://support.google.com/mail/answer/14257 q36sm248110lfi.26 - gsmtp')
INFO 2016-08-02 08:34:40,017 signals: Group added: eeee (ID: 10)
ERROR 2016-08-14 10:03:53,572 contact_admin: На сервері виникла помилка. Будь ласка, спробуйте пізніше.
Traceback (most recent call last):
  File "/media/vitaliy/E6F49B8CF49B5E1D/Programming/home/vitaliy/djcode/src/studentsdb/students/views/contact_admin.py", line 69, in contact_admin
    send_mail(subject, message, from_email, [ADMIN_EMAIL])
  File "/usr/local/lib/python2.7/dist-packages/Django-1.9.6-py2.7.egg/django/core/mail/__init__.py", line 61, in send_mail
    return mail.send()
  File "/usr/local/lib/python2.7/dist-packages/Django-1.9.6-py2.7.egg/django/core/mail/message.py", line 292, in send
    return self.get_connection(fail_silently).send_messages([self])
  File "/usr/local/lib/python2.7/dist-packages/Django-1.9.6-py2.7.egg/django/core/mail/backends/smtp.py", line 107, in send_messages
    sent = self._send(message)
  File "/usr/local/lib/python2.7/dist-packages/Django-1.9.6-py2.7.egg/django/core/mail/backends/smtp.py", line 123, in _send
    self.connection.sendmail(from_email, recipients, message.as_bytes(linesep='\r\n'))
  File "/usr/lib/python2.7/smtplib.py", line 731, in sendmail
    raise SMTPSenderRefused(code, resp, from_addr)
SMTPSenderRefused: (530, '5.5.1 Authentication Required. Learn more at\n5.5.1  https://support.google.com/mail/answer/14257 h30sm2837875lji.39 - gsmtp', u'vevo5282@mail.ru')
ERROR 2016-08-16 10:07:36,997 contact_admin: На сервері виникла помилка. Будь ласка, спробуйте пізніше.
Traceback (most recent call last):
  File "/media/vitaliy/E6F49B8CF49B5E1D/Programming/home/vitaliy/djcode/src/studentsdb/students/views/contact_admin.py", line 68, in contact_admin
    send_mail(subject, message, from_email, [ADMIN_EMAIL])
  File "/usr/local/lib/python2.7/dist-packages/Django-1.9.6-py2.7.egg/django/core/mail/__init__.py", line 61, in send_mail
    return mail.send()
  File "/usr/local/lib/python2.7/dist-packages/Django-1.9.6-py2.7.egg/django/core/mail/message.py", line 292, in send
    return self.get_connection(fail_silently).send_messages([self])
  File "/usr/local/lib/python2.7/dist-packages/Django-1.9.6-py2.7.egg/django/core/mail/backends/smtp.py", line 107, in send_messages
    sent = self._send(message)
  File "/usr/local/lib/python2.7/dist-packages/Django-1.9.6-py2.7.egg/django/core/mail/backends/smtp.py", line 123, in _send
    self.connection.sendmail(from_email, recipients, message.as_bytes(linesep='\r\n'))
  File "/usr/lib/python2.7/smtplib.py", line 731, in sendmail
    raise SMTPSenderRefused(code, resp, from_addr)
SMTPSenderRefused: (530, '5.5.1 Authentication Required. Learn more at\n5.5.1  https://support.google.com/mail/answer/14257 192sm693726ljf.17 - gsmtp', u'vevo5282@mail.ru')
INFO 2016-08-16 10:07:44,376 signals: Group updated: eeee (ID: 10)
INFO 2016-08-16 10:08:17,418 signals: Student deleted: Sheva Combo (ID: 5)
INFO 2016-08-16 10:27:38,739 signals: Student added: vas vas (ID: 21)
INFO 2016-09-19 09:26:28,829 signals: Group added: Group1 (ID: 1)
INFO 2016-09-19 09:27:10,786 signals: Group added: Group1 (ID: 1)
INFO 2016-09-19 09:27:45,804 signals: Group added: Group1 (ID: 1)
INFO 2016-09-21 18:09:39,851 signals: Group added: Group1 (ID: 1)
INFO 2016-09-21 18:09:39,872 signals: Group added: Group2 (ID: 2)
INFO 2016-09-21 18:09:39,882 signals: Student added: Vitaliy Konchyts (ID: 1)
INFO 2016-09-21 18:09:39,885 signals: Group updated: Group1 (ID: 1)
INFO 2016-09-21 18:09:39,942 signals: Group added: Group1 (ID: 1)
INFO 2016-09-21 18:09:39,945 signals: Group added: Group2 (ID: 2)
INFO 2016-09-21 18:09:39,948 signals: Student added: Vitaliy Konchyts (ID: 1)
INFO 2016-09-21 18:09:39,952 signals: Group updated: Group1 (ID: 1)
INFO 2016-09-21 18:09:40,007 signals: Group added: Group1 (ID: 1)
INFO 2016-09-21 18:09:40,010 signals: Group added: Group2 (ID: 2)
INFO 2016-09-21 18:09:40,015 signals: Student added: Vitaliy Konchyts (ID: 1)
INFO 2016-09-21 18:09:40,022 signals: Group updated: Group1 (ID: 1)
INFO 2016-09-21 18:10:32,701 signals: Group added: Group1 (ID: 1)
INFO 2016-09-21 18:10:32,706 signals: Group added: Group2 (ID: 2)
INFO 2016-09-21 18:10:32,711 signals: Student added: Vitaliy Konchyts (ID: 1)
INFO 2016-09-21 18:10:32,717 signals: Group updated: Group1 (ID: 1)
INFO 2016-09-21 18:10:32,765 signals: Group added: Group1 (ID: 1)
INFO 2016-09-21 18:10:32,768 signals: Group added: Group2 (ID: 2)
INFO 2016-09-21 18:10:32,772 signals: Student added: Vitaliy Konchyts (ID: 1)
INFO 2016-09-21 18:10:32,774 signals: Group updated: Group1 (ID: 1)
INFO 2016-09-21 18:10:32,810 signals: Group added: Group1 (ID: 1)
INFO 2016-09-21 18:10:32,813 signals: Group added: Group2 (ID: 2)
INFO 2016-09-21 18:10:32,816 signals: Student added: Vitaliy Konchyts (ID: 1)
INFO 2016-09-21 18:10:32,818 signals: Group updated: Group1 (ID: 1)
INFO 2016-09-21 18:11:38,229 signals: Group added: Group1 (ID: 1)
INFO 2016-09-21 18:11:38,233 signals: Group added: Group2 (ID: 2)
INFO 2016-09-21 18:11:38,239 signals: Student added: Vitaliy Konchyts (ID: 1)
INFO 2016-09-21 18:11:38,241 signals: Group updated: Group1 (ID: 1)
INFO 2016-09-21 18:11:38,299 signals: Group added: Group1 (ID: 1)
INFO 2016-09-21 18:11:38,303 signals: Group added: Group2 (ID: 2)
INFO 2016-09-21 18:11:38,307 signals: Student added: Vitaliy Konchyts (ID: 1)
INFO 2016-09-21 18:11:38,309 signals: Group updated: Group1 (ID: 1)
INFO 2016-09-21 18:11:38,362 signals: Group added: Group1 (ID: 1)
INFO 2016-09-21 18:11:38,364 signals: Group added: Group2 (ID: 2)
INFO 2016-09-21 18:11:38,368 signals: Student added: Vitaliy Konchyts (ID: 1)
INFO 2016-09-21 18:11:38,370 signals: Group updated: Group1 (ID: 1)
INFO 2016-09-21 18:13:21,094 signals: Group added: Group1 (ID: 1)
INFO 2016-09-21 18:13:21,099 signals: Group added: Group2 (ID: 2)
INFO 2016-09-21 18:13:21,105 signals: Student added: Vitaliy Konchyts (ID: 1)
INFO 2016-09-21 18:13:21,107 signals: Group updated: Group1 (ID: 1)
INFO 2016-09-21 18:13:21,165 signals: Group added: Group1 (ID: 1)
INFO 2016-09-21 18:13:21,168 signals: Group added: Group2 (ID: 2)
INFO 2016-09-21 18:13:21,174 signals: Student added: Vitaliy Konchyts (ID: 1)
INFO 2016-09-21 18:13:21,176 signals: Group updated: Group1 (ID: 1)
INFO 2016-09-21 18:13:21,226 signals: Group added: Group1 (ID: 1)
INFO 2016-09-21 18:13:21,230 signals: Group added: Group2 (ID: 2)
INFO 2016-09-21 18:13:21,233 signals: Student added: Vitaliy Konchyts (ID: 1)
INFO 2016-09-21 18:13:21,237 signals: Group updated: Group1 (ID: 1)
INFO 2016-09-21 18:14:33,615 signals: Group added: Group1 (ID: 1)
INFO 2016-09-21 18:14:33,618 signals: Group added: Group2 (ID: 2)
INFO 2016-09-21 18:14:33,623 signals: Student added: Vitaliy Konchyts (ID: 1)
INFO 2016-09-21 18:14:33,625 signals: Group updated: Group1 (ID: 1)
INFO 2016-09-21 18:14:33,708 signals: Group added: Group1 (ID: 1)
INFO 2016-09-21 18:14:33,712 signals: Group added: Group2 (ID: 2)
INFO 2016-09-21 18:14:33,716 signals: Student added: Vitaliy Konchyts (ID: 1)
INFO 2016-09-21 18:14:33,718 signals: Group updated: Group1 (ID: 1)
INFO 2016-09-21 18:14:33,759 signals: Group added: Group1 (ID: 1)
INFO 2016-09-21 18:14:33,761 signals: Group added: Group2 (ID: 2)
INFO 2016-09-21 18:14:33,765 signals: Student added: Vitaliy Konchyts (ID: 1)
INFO 2016-09-21 18:14:33,767 signals: Group updated: Group1 (ID: 1)
INFO 2016-09-21 18:14:58,298 signals: Group added: Group1 (ID: 1)
INFO 2016-09-21 18:14:58,302 signals: Group added: Group2 (ID: 2)
INFO 2016-09-21 18:14:58,306 signals: Student added: Vitaliy Konchyts (ID: 1)
INFO 2016-09-21 18:14:58,308 signals: Group updated: Group1 (ID: 1)
INFO 2016-09-21 18:14:58,346 signals: Group added: Group1 (ID: 1)
INFO 2016-09-21 18:14:58,349 signals: Group added: Group2 (ID: 2)
INFO 2016-09-21 18:14:58,352 signals: Student added: Vitaliy Konchyts (ID: 1)
INFO 2016-09-21 18:14:58,354 signals: Group updated: Group1 (ID: 1)
INFO 2016-09-21 18:14:58,388 signals: Group added: Group1 (ID: 1)
INFO 2016-09-21 18:14:58,391 signals: Group added: Group2 (ID: 2)
INFO 2016-09-21 18:14:58,395 signals: Student added: Vitaliy Konchyts (ID: 1)
INFO 2016-09-21 18:14:58,397 signals: Group updated: Group1 (ID: 1)
INFO 2016-09-21 18:15:46,720 signals: Group added: Group1 (ID: 1)
INFO 2016-09-21 18:15:46,724 signals: Group added: Group2 (ID: 2)
INFO 2016-09-21 18:15:46,729 signals: Student added: Vitaliy Konchyts (ID: 1)
INFO 2016-09-21 18:15:46,732 signals: Group updated: Group1 (ID: 1)
INFO 2016-09-21 18:15:46,791 signals: Group added: Group1 (ID: 1)
INFO 2016-09-21 18:15:46,795 signals: Group added: Group2 (ID: 2)
INFO 2016-09-21 18:15:46,801 signals: Student added: Vitaliy Konchyts (ID: 1)
INFO 2016-09-21 18:15:46,804 signals: Group updated: Group1 (ID: 1)
INFO 2016-09-21 18:15:46,852 signals: Group added: Group1 (ID: 1)
INFO 2016-09-21 18:15:46,855 signals: Group added: Group2 (ID: 2)
INFO 2016-09-21 18:15:46,859 signals: Student added: Vitaliy Konchyts (ID: 1)
INFO 2016-09-21 18:15:46,861 signals: Group updated: Group1 (ID: 1)
INFO 2016-09-22 19:35:05,817 signals: Group added: MtM-1 (ID: 1)
INFO 2016-09-22 19:35:05,836 signals: Group added: MtM-2 (ID: 2)
INFO 2016-09-22 19:35:05,840 signals: Student added: Vitaliy Konchyts (ID: 1)
INFO 2016-09-22 19:35:05,849 signals: Student added: Vasyl Frankiv (ID: 2)
INFO 2016-09-22 19:35:05,857 signals: Student added: Bohdan Datsko (ID: 3)
INFO 2016-09-22 19:35:05,865 signals: Student added: Ivan Goralechko (ID: 4)
INFO 2016-09-22 19:36:45,227 signals: Group added: MtM-1 (ID: 1)
INFO 2016-09-22 19:36:45,231 signals: Group added: MtM-2 (ID: 2)
INFO 2016-09-22 19:36:45,237 signals: Student added: Vitaliy Konchyts (ID: 1)
INFO 2016-09-22 19:36:45,244 signals: Student added: Vasyl Frankiv (ID: 2)
INFO 2016-09-22 19:36:45,253 signals: Student added: Bohdan Datsko (ID: 3)
INFO 2016-09-22 19:36:45,261 signals: Student added: Ivan Goralechko (ID: 4)
INFO 2016-09-22 19:37:48,625 signals: Group added: MtM-1 (ID: 1)
INFO 2016-09-22 19:37:48,627 signals: Group added: MtM-2 (ID: 2)
INFO 2016-09-22 19:37:48,632 signals: Student added: Vitaliy Konchyts (ID: 1)
INFO 2016-09-22 19:37:48,636 signals: Student added: Vasyl Frankiv (ID: 2)
INFO 2016-09-22 19:37:48,645 signals: Student added: Bohdan Datsko (ID: 3)
INFO 2016-09-22 19:37:48,650 signals: Student added: Ivan Goralechko (ID: 4)
INFO 2016-09-22 19:38:29,946 signals: Group added: MtM-1 (ID: 1)
INFO 2016-09-22 19:38:29,950 signals: Group added: MtM-2 (ID: 2)
INFO 2016-09-22 19:38:29,955 signals: Student added: Vitaliy Konchyts (ID: 1)
INFO 2016-09-22 19:38:29,962 signals: Student added: Vasyl Frankiv (ID: 2)
INFO 2016-09-22 19:38:29,972 signals: Student added: Bohdan Datsko (ID: 3)
INFO 2016-09-22 19:38:29,978 signals: Student added: Ivan Goralechko (ID: 4)
INFO 2016-09-22 19:39:21,906 signals: Group added: MtM-1 (ID: 1)
INFO 2016-09-22 19:39:21,909 signals: Group added: MtM-2 (ID: 2)
INFO 2016-09-22 19:39:21,915 signals: Student added: Vitaliy Konchyts (ID: 1)
INFO 2016-09-22 19:39:21,919 signals: Student added: Vasyl Frankiv (ID: 2)
INFO 2016-09-22 19:39:21,931 signals: Student added: Bohdan Datsko (ID: 3)
INFO 2016-09-22 19:39:21,936 signals: Student added: Ivan Goralechko (ID: 4)
INFO 2016-09-22 19:40:38,597 signals: Group added: MtM-1 (ID: 1)
INFO 2016-09-22 19:40:38,600 signals: Group added: MtM-2 (ID: 2)
INFO 2016-09-22 19:40:38,606 signals: Student added: Vitaliy Konchyts (ID: 1)
INFO 2016-09-22 19:40:38,612 signals: Student added: Vasyl Frankiv (ID: 2)
INFO 2016-09-22 19:40:38,623 signals: Student added: Bohdan Datsko (ID: 3)
INFO 2016-09-22 19:40:38,632 signals: Student added: Ivan Goralechko (ID: 4)
INFO 2016-09-22 19:44:24,162 signals: Group added: MtM-1 (ID: 1)
INFO 2016-09-22 19:44:24,166 signals: Group added: MtM-2 (ID: 2)
INFO 2016-09-22 19:44:24,172 signals: Student added: Vitaliy Konchyts (ID: 1)
INFO 2016-09-22 19:44:24,181 signals: Student added: Vasyl Frankiv (ID: 2)
INFO 2016-09-22 19:44:24,189 signals: Student added: Bohdan Datsko (ID: 3)
INFO 2016-09-22 19:44:24,197 signals: Student added: Ivan Goralechko (ID: 4)
INFO 2016-09-22 19:45:30,298 signals: Group added: MtM-1 (ID: 1)
INFO 2016-09-22 19:45:30,302 signals: Group added: MtM-2 (ID: 2)
INFO 2016-09-22 19:45:30,308 signals: Student added: Vitaliy Konchyts (ID: 1)
INFO 2016-09-22 19:45:30,316 signals: Student added: Vasyl Frankiv (ID: 2)
INFO 2016-09-22 19:45:30,325 signals: Student added: Bohdan Datsko (ID: 3)
INFO 2016-09-22 19:45:30,333 signals: Student added: Ivan Goralechko (ID: 4)
INFO 2016-09-22 19:46:42,700 signals: Group added: MtM-1 (ID: 1)
INFO 2016-09-22 19:46:42,703 signals: Group added: MtM-2 (ID: 2)
INFO 2016-09-22 19:46:42,708 signals: Student added: Vitaliy Konchyts (ID: 1)
INFO 2016-09-22 19:46:42,715 signals: Student added: Vasyl Frankiv (ID: 2)
INFO 2016-09-22 19:46:42,725 signals: Student added: Bohdan Datsko (ID: 3)
INFO 2016-09-22 19:46:42,731 signals: Student added: Ivan Goralechko (ID: 4)
INFO 2016-09-22 19:47:59,661 signals: Group added: MtM-1 (ID: 1)
INFO 2016-09-22 19:47:59,665 signals: Group added: MtM-2 (ID: 2)
INFO 2016-09-22 19:47:59,670 signals: Student added: Vitaliy Konchyts (ID: 1)
INFO 2016-09-22 19:47:59,678 signals: Student added: Vasyl Frankiv (ID: 2)
INFO 2016-09-22 19:47:59,688 signals: Student added: Bohdan Datsko (ID: 3)
INFO 2016-09-22 19:47:59,695 signals: Student added: Ivan Goralechko (ID: 4)
INFO 2016-09-22 19:49:15,991 signals: Group added: MtM-1 (ID: 1)
INFO 2016-09-22 19:49:15,995 signals: Group added: MtM-2 (ID: 2)
INFO 2016-09-22 19:49:16,001 signals: Student added: Vitaliy Konchyts (ID: 1)
INFO 2016-09-22 19:49:16,009 signals: Student added: Vasyl Frankiv (ID: 2)
INFO 2016-09-22 19:49:16,018 signals: Student added: Bohdan Datsko (ID: 3)
INFO 2016-09-22 19:49:16,027 signals: Student added: Ivan Goralechko (ID: 4)
INFO 2016-09-22 19:50:46,262 signals: Group added: MtM-1 (ID: 1)
INFO 2016-09-22 19:50:46,266 signals: Group added: MtM-2 (ID: 2)
INFO 2016-09-22 19:50:46,272 signals: Student added: Vitaliy Podoba (ID: 1)
INFO 2016-09-22 19:50:46,279 signals: Student added: John Dobson (ID: 2)
INFO 2016-09-22 19:50:46,288 signals: Student added: Sam Stefenson (ID: 3)
INFO 2016-09-22 19:50:46,294 signals: Student added: Arnold Kidney (ID: 4)
INFO 2016-09-22 19:50:46,462 signals: Group added: MtM-1 (ID: 3)
INFO 2016-09-22 19:50:46,465 signals: Group added: MtM-2 (ID: 4)
INFO 2016-09-22 19:50:46,468 signals: Student added: Vitaliy Podoba (ID: 5)
INFO 2016-09-22 19:50:46,472 signals: Student added: John Dobson (ID: 6)
INFO 2016-09-22 19:50:46,476 signals: Student added: Sam Stefenson (ID: 7)
INFO 2016-09-22 19:50:46,479 signals: Student added: Arnold Kidney (ID: 8)
INFO 2016-09-22 19:50:46,550 signals: Group added: MtM-1 (ID: 5)
INFO 2016-09-22 19:50:46,553 signals: Group added: MtM-2 (ID: 6)
INFO 2016-09-22 19:50:46,557 signals: Student added: Vitaliy Podoba (ID: 9)
INFO 2016-09-22 19:50:46,561 signals: Student added: John Dobson (ID: 10)
INFO 2016-09-22 19:50:46,568 signals: Student added: Sam Stefenson (ID: 11)
INFO 2016-09-22 19:50:46,573 signals: Student added: Arnold Kidney (ID: 12)
INFO 2016-09-22 19:50:46,639 signals: Group added: MtM-1 (ID: 7)
INFO 2016-09-22 19:50:46,644 signals: Group added: MtM-2 (ID: 8)
INFO 2016-09-22 19:50:46,649 signals: Student added: Vitaliy Podoba (ID: 13)
INFO 2016-09-22 19:50:46,653 signals: Student added: John Dobson (ID: 14)
INFO 2016-09-22 19:50:46,656 signals: Student added: Sam Stefenson (ID: 15)
INFO 2016-09-22 19:50:46,660 signals: Student added: Arnold Kidney (ID: 16)
INFO 2016-09-22 19:50:46,728 signals: Group added: MtM-1 (ID: 9)
INFO 2016-09-22 19:50:46,730 signals: Group added: MtM-2 (ID: 10)
INFO 2016-09-22 19:50:46,736 signals: Student added: Vitaliy Podoba (ID: 17)
INFO 2016-09-22 19:50:46,741 signals: Student added: John Dobson (ID: 18)
INFO 2016-09-22 19:50:46,746 signals: Student added: Sam Stefenson (ID: 19)
INFO 2016-09-22 19:50:46,749 signals: Student added: Arnold Kidney (ID: 20)
INFO 2016-09-22 19:51:47,194 signals: Group added: MtM-1 (ID: 1)
INFO 2016-09-22 19:51:47,198 signals: Group added: MtM-2 (ID: 2)
INFO 2016-09-22 19:51:47,205 signals: Student added: Vitaliy Podoba (ID: 1)
INFO 2016-09-22 19:51:47,215 signals: Student added: John Dobson (ID: 2)
INFO 2016-09-22 19:51:47,224 signals: Student added: Sam Stefenson (ID: 3)
INFO 2016-09-22 19:51:47,229 signals: Student added: Arnold Kidney (ID: 4)
INFO 2016-09-22 19:51:47,402 signals: Group added: MtM-1 (ID: 3)
INFO 2016-09-22 19:51:47,405 signals: Group added: MtM-2 (ID: 4)
INFO 2016-09-22 19:51:47,409 signals: Student added: Vitaliy Podoba (ID: 5)
INFO 2016-09-22 19:51:47,413 signals: Student added: John Dobson (ID: 6)
INFO 2016-09-22 19:51:47,416 signals: Student added: Sam Stefenson (ID: 7)
INFO 2016-09-22 19:51:47,420 signals: Student added: Arnold Kidney (ID: 8)
INFO 2016-09-22 19:51:47,501 signals: Group added: MtM-1 (ID: 5)
INFO 2016-09-22 19:51:47,503 signals: Group added: MtM-2 (ID: 6)
INFO 2016-09-22 19:51:47,507 signals: Student added: Vitaliy Podoba (ID: 9)
INFO 2016-09-22 19:51:47,512 signals: Student added: John Dobson (ID: 10)
INFO 2016-09-22 19:51:47,519 signals: Student added: Sam Stefenson (ID: 11)
INFO 2016-09-22 19:51:47,523 signals: Student added: Arnold Kidney (ID: 12)
INFO 2016-09-22 19:51:47,601 signals: Group added: MtM-1 (ID: 7)
INFO 2016-09-22 19:51:47,604 signals: Group added: MtM-2 (ID: 8)
INFO 2016-09-22 19:51:47,610 signals: Student added: Vitaliy Podoba (ID: 13)
INFO 2016-09-22 19:51:47,615 signals: Student added: John Dobson (ID: 14)
INFO 2016-09-22 19:51:47,619 signals: Student added: Sam Stefenson (ID: 15)
INFO 2016-09-22 19:51:47,622 signals: Student added: Arnold Kidney (ID: 16)
INFO 2016-09-22 19:51:47,701 signals: Group added: MtM-1 (ID: 9)
INFO 2016-09-22 19:51:47,703 signals: Group added: MtM-2 (ID: 10)
INFO 2016-09-22 19:51:47,707 signals: Student added: Vitaliy Podoba (ID: 17)
INFO 2016-09-22 19:51:47,712 signals: Student added: John Dobson (ID: 18)
INFO 2016-09-22 19:51:47,721 signals: Student added: Sam Stefenson (ID: 19)
INFO 2016-09-22 19:51:47,725 signals: Student added: Arnold Kidney (ID: 20)
INFO 2016-09-22 19:53:00,217 signals: Group added: MtM-1 (ID: 1)
INFO 2016-09-22 19:53:00,220 signals: Group added: MtM-2 (ID: 2)
INFO 2016-09-22 19:53:00,225 signals: Student added: Vitaliy Konchyts (ID: 1)
INFO 2016-09-22 19:53:00,230 signals: Student added: Vasyl Frankiv (ID: 2)
INFO 2016-09-22 19:53:00,241 signals: Student added: Bohdan Datsko (ID: 3)
INFO 2016-09-22 19:53:00,245 signals: Student added: Ivan Goralechko (ID: 4)
INFO 2016-09-22 19:54:06,035 signals: Group added: MtM-1 (ID: 1)
INFO 2016-09-22 19:54:06,038 signals: Group added: MtM-2 (ID: 2)
INFO 2016-09-22 19:54:06,047 signals: Student added: Vitaliy Konchyts (ID: 1)
INFO 2016-09-22 19:54:06,053 signals: Student added: Vasyl Frankiv (ID: 2)
INFO 2016-09-22 19:54:06,058 signals: Student added: Bohdan Datsko (ID: 3)
INFO 2016-09-22 19:54:06,065 signals: Student added: Ivan Goralechko (ID: 4)
INFO 2016-09-22 19:54:46,250 signals: Group added: MtM-1 (ID: 1)
INFO 2016-09-22 19:54:46,253 signals: Group added: MtM-2 (ID: 2)
INFO 2016-09-22 19:54:46,259 signals: Student added: Vitaliy Konchyts (ID: 1)
INFO 2016-09-22 19:54:46,265 signals: Student added: Vasyl Frankiv (ID: 2)
INFO 2016-09-22 19:54:46,275 signals: Student added: Bohdan Datsko (ID: 3)
INFO 2016-09-22 19:54:46,283 signals: Student added: Ivan Goralechko (ID: 4)
INFO 2016-09-26 19:49:39,827 signals: Group added: Group1 (ID: 1)
INFO 2016-09-26 19:49:39,861 signals: Group added: Group2 (ID: 2)
INFO 2016-09-26 19:49:39,865 signals: Student added: Vitaliy Konchyts (ID: 1)
INFO 2016-09-26 19:49:39,867 signals: Group updated: Group1 (ID: 1)
INFO 2016-09-26 19:49:39,975 signals: Group added: Group1 (ID: 1)
INFO 2016-09-26 19:49:39,979 signals: Group added: Group2 (ID: 2)
INFO 2016-09-26 19:49:39,983 signals: Student added: Vitaliy Konchyts (ID: 1)
INFO 2016-09-26 19:49:39,984 signals: Group updated: Group1 (ID: 1)
INFO 2016-09-26 19:49:40,038 signals: Group added: Group1 (ID: 1)
INFO 2016-09-26 19:49:40,040 signals: Group added: Group2 (ID: 2)
INFO 2016-09-26 19:49:40,044 signals: Student added: Vitaliy Konchyts (ID: 1)
INFO 2016-09-26 19:49:40,047 signals: Group updated: Group1 (ID: 1)
INFO 2016-09-26 19:51:08,525 signals: Group added: MtM-1 (ID: 1)
INFO 2016-09-26 19:51:08,530 signals: Group added: MtM-2 (ID: 2)
INFO 2016-09-26 19:51:08,542 signals: Student added: Vitaliy Konchyts (ID: 1)
INFO 2016-09-26 19:51:08,547 signals: Student added: Vasyl Frankiv (ID: 2)
INFO 2016-09-26 19:51:08,557 signals: Student added: Bohdan Datsko (ID: 3)
INFO 2016-09-26 19:51:08,561 signals: Student added: Ivan Goralechko (ID: 4)
INFO 2016-09-26 20:04:33,030 signals: Group added: MtM-1 (ID: 1)
INFO 2016-09-26 20:04:33,034 signals: Group added: MtM-2 (ID: 2)
INFO 2016-09-26 20:04:33,039 signals: Student added: Vitaliy Konchyts (ID: 1)
INFO 2016-09-26 20:04:33,047 signals: Student added: Vasyl Frankiv (ID: 2)
INFO 2016-09-26 20:04:33,056 signals: Student added: Bohdan Datsko (ID: 3)
INFO 2016-09-26 20:04:33,063 signals: Student added: Ivan Goralechko (ID: 4)
INFO 2016-09-26 20:10:22,687 signals: Group added: MtM-1 (ID: 1)
INFO 2016-09-26 20:10:22,690 signals: Group added: MtM-2 (ID: 2)
INFO 2016-09-26 20:10:22,696 signals: Student added: Vitaliy Konchyts (ID: 1)
INFO 2016-09-26 20:10:22,703 signals: Student added: Vasyl Frankiv (ID: 2)
INFO 2016-09-26 20:10:22,712 signals: Student added: Bohdan Datsko (ID: 3)
INFO 2016-09-26 20:10:22,720 signals: Student added: Ivan Goralechko (ID: 4)
INFO 2016-09-26 20:10:22,897 signals: Group added: MtM-1 (ID: 3)
INFO 2016-09-26 20:10:22,899 signals: Group added: MtM-2 (ID: 4)
INFO 2016-09-26 20:10:22,921 signals: Student added: Vitaliy Konchyts (ID: 5)
INFO 2016-09-26 20:10:22,926 signals: Student added: Vasyl Frankiv (ID: 6)
INFO 2016-09-26 20:10:22,931 signals: Student added: Bohdan Datsko (ID: 7)
INFO 2016-09-26 20:10:22,935 signals: Student added: Ivan Goralechko (ID: 8)
INFO 2016-09-26 20:14:09,557 signals: Group added: MtM-1 (ID: 1)
INFO 2016-09-26 20:14:09,560 signals: Group added: MtM-2 (ID: 2)
INFO 2016-09-26 20:14:09,564 signals: Student added: Vitaliy Konchyts (ID: 1)
INFO 2016-09-26 20:14:09,567 signals: Student added: Vasyl Frankiv (ID: 2)
INFO 2016-09-26 20:14:09,577 signals: Student added: Bohdan Datsko (ID: 3)
INFO 2016-09-26 20:14:09,581 signals: Student added: Ivan Goralechko (ID: 4)
INFO 2016-09-26 20:14:09,768 signals: Group added: MtM-1 (ID: 3)
INFO 2016-09-26 20:14:09,771 signals: Group added: MtM-2 (ID: 4)
INFO 2016-09-26 20:14:09,774 signals: Student added: Vitaliy Konchyts (ID: 5)
INFO 2016-09-26 20:14:09,778 signals: Student added: Vasyl Frankiv (ID: 6)
INFO 2016-09-26 20:14:09,784 signals: Student added: Bohdan Datsko (ID: 7)
INFO 2016-09-26 20:14:09,788 signals: Student added: Ivan Goralechko (ID: 8)
INFO 2016-09-26 20:14:09,857 signals: Group added: MtM-1 (ID: 5)
INFO 2016-09-26 20:14:09,859 signals: Group added: MtM-2 (ID: 6)
INFO 2016-09-26 20:14:09,863 signals: Student added: Vitaliy Konchyts (ID: 9)
INFO 2016-09-26 20:14:09,867 signals: Student added: Vasyl Frankiv (ID: 10)
INFO 2016-09-26 20:14:09,871 signals: Student added: Bohdan Datsko (ID: 11)
INFO 2016-09-26 20:14:09,876 signals: Student added: Ivan Goralechko (ID: 12)
INFO 2016-09-26 20:15:19,099 signals: Group added: MtM-1 (ID: 1)
INFO 2016-09-26 20:15:19,102 signals: Group added: MtM-2 (ID: 2)
INFO 2016-09-26 20:15:19,107 signals: Student added: Vitaliy Konchyts (ID: 1)
INFO 2016-09-26 20:15:19,114 signals: Student added: Vasyl Frankiv (ID: 2)
INFO 2016-09-26 20:15:19,123 signals: Student added: Bohdan Datsko (ID: 3)
INFO 2016-09-26 20:15:19,130 signals: Student added: Ivan Goralechko (ID: 4)
INFO 2016-09-26 20:15:19,298 signals: Group added: MtM-1 (ID: 3)
INFO 2016-09-26 20:15:19,301 signals: Group added: MtM-2 (ID: 4)
INFO 2016-09-26 20:15:19,306 signals: Student added: Vitaliy Konchyts (ID: 5)
INFO 2016-09-26 20:15:19,311 signals: Student added: Vasyl Frankiv (ID: 6)
INFO 2016-09-26 20:15:19,315 signals: Student added: Bohdan Datsko (ID: 7)
INFO 2016-09-26 20:15:19,321 signals: Student added: Ivan Goralechko (ID: 8)
INFO 2016-09-26 20:15:19,398 signals: Group added: MtM-1 (ID: 5)
INFO 2016-09-26 20:15:19,400 signals: Group added: MtM-2 (ID: 6)
INFO 2016-09-26 20:15:19,404 signals: Student added: Vitaliy Konchyts (ID: 9)
INFO 2016-09-26 20:15:19,408 signals: Student added: Vasyl Frankiv (ID: 10)
INFO 2016-09-26 20:15:19,413 signals: Student added: Bohdan Datsko (ID: 11)
INFO 2016-09-26 20:15:19,416 signals: Student added: Ivan Goralechko (ID: 12)
